# JRE version: Java(TM) SE Runtime Environment (8.0_144-b01) (build 1.8.0_144-b01)
# Java VM: Java HotSpot(TM) 64-Bit Server VM (25.144-b01 mixed mode windows-amd64 compressed oops)
Heap:
 PSYoungGen      total 273408K, used 115349K [0x00000000d5e00000, 0x00000000e9b80000, 0x0000000100000000)
  eden space 257024K, 40% used [0x00000000d5e00000,0x00000000dc2aee10,0x00000000e5900000)
  from space 16384K, 99% used [0x00000000e5900000,0x00000000e68fd298,0x00000000e6900000)
  to   space 25088K, 0% used [0x00000000e8300000,0x00000000e8300000,0x00000000e9b80000)
 ParOldGen       total 72704K, used 30794K [0x0000000081a00000, 0x0000000086100000, 0x00000000d5e00000)
  object space 72704K, 42% used [0x0000000081a00000,0x00000000838129a8,0x0000000086100000)
 Metaspace       used 23615K, capacity 24162K, committed 24496K, reserved 1071104K
  class space    used 2767K, capacity 2903K, committed 2992K, reserved 1048576K
GC Heap History (10 events):
Event: 4.164 GC heap before
{Heap before GC invocations=4 (full 0):
 PSYoungGen      total 71680K, used 71656K [0x00000000d5e00000, 0x00000000dea00000, 0x0000000100000000)
  eden space 66560K, 100% used [0x00000000d5e00000,0x00000000d9f00000,0x00000000d9f00000)
  from space 5120K, 99% used [0x00000000d9f00000,0x00000000da3fa020,0x00000000da400000)
  to   space 5120K, 0% used [0x00000000de500000,0x00000000de500000,0x00000000dea00000)
 ParOldGen       total 87552K, used 6751K [0x0000000081a00000, 0x0000000086f80000, 0x00000000d5e00000)
  object space 87552K, 7% used [0x0000000081a00000,0x0000000082097d18,0x0000000086f80000)
 Metaspace       used 17174K, capacity 17660K, committed 17792K, reserved 1064960K
  class space    used 2028K, capacity 2166K, committed 2176K, reserved 1048576K
Event: 4.181 GC heap after
Heap after GC invocations=4 (full 0):
 PSYoungGen      total 138240K, used 5096K [0x00000000d5e00000, 0x00000000dea00000, 0x0000000100000000)
  eden space 133120K, 0% used [0x00000000d5e00000,0x00000000d5e00000,0x00000000de000000)
  from space 5120K, 99% used [0x00000000de500000,0x00000000de9fa060,0x00000000dea00000)
  to   space 5120K, 0% used [0x00000000de000000,0x00000000de000000,0x00000000de500000)
 ParOldGen       total 87552K, used 11295K [0x0000000081a00000, 0x0000000086f80000, 0x00000000d5e00000)
  object space 87552K, 12% used [0x0000000081a00000,0x0000000082507c18,0x0000000086f80000)
 Metaspace       used 17174K, capacity 17660K, committed 17792K, reserved 1064960K
  class space    used 2028K, capacity 2166K, committed 2176K, reserved 1048576K
}
Event: 5.062 GC heap before
{Heap before GC invocations=5 (full 0):
 PSYoungGen      total 138240K, used 29113K [0x00000000d5e00000, 0x00000000dea00000, 0x0000000100000000)
  eden space 133120K, 18% used [0x00000000d5e00000,0x00000000d7574680,0x00000000de000000)
  from space 5120K, 99% used [0x00000000de500000,0x00000000de9fa060,0x00000000dea00000)
  to   space 5120K, 0% used [0x00000000de000000,0x00000000de000000,0x00000000de500000)
 ParOldGen       total 87552K, used 11295K [0x0000000081a00000, 0x0000000086f80000, 0x00000000d5e00000)
  object space 87552K, 12% used [0x0000000081a00000,0x0000000082507c18,0x0000000086f80000)
 Metaspace       used 20677K, capacity 21172K, committed 21296K, reserved 1069056K
  class space    used 2454K, capacity 2590K, committed 2608K, reserved 1048576K
Event: 5.081 GC heap after
Heap after GC invocations=5 (full 0):
 PSYoungGen      total 138240K, used 5092K [0x00000000d5e00000, 0x00000000e7900000, 0x0000000100000000)
  eden space 133120K, 0% used [0x00000000d5e00000,0x00000000d5e00000,0x00000000de000000)
  from space 5120K, 99% used [0x00000000de000000,0x00000000de4f9028,0x00000000de500000)
  to   space 11776K, 0% used [0x00000000e6d80000,0x00000000e6d80000,0x00000000e7900000)
 ParOldGen       total 87552K, used 14299K [0x0000000081a00000, 0x0000000086f80000, 0x00000000d5e00000)
  object space 87552K, 16% used [0x0000000081a00000,0x00000000827f6da0,0x0000000086f80000)
 Metaspace       used 20677K, capacity 21172K, committed 21296K, reserved 1069056K
  class space    used 2454K, capacity 2590K, committed 2608K, reserved 1048576K
}
Event: 5.081 GC heap before
{Heap before GC invocations=6 (full 1):
 PSYoungGen      total 138240K, used 5092K [0x00000000d5e00000, 0x00000000e7900000, 0x0000000100000000)
  eden space 133120K, 0% used [0x00000000d5e00000,0x00000000d5e00000,0x00000000de000000)
  from space 5120K, 99% used [0x00000000de000000,0x00000000de4f9028,0x00000000de500000)
  to   space 11776K, 0% used [0x00000000e6d80000,0x00000000e6d80000,0x00000000e7900000)
 ParOldGen       total 87552K, used 14299K [0x0000000081a00000, 0x0000000086f80000, 0x00000000d5e00000)
  object space 87552K, 16% used [0x0000000081a00000,0x00000000827f6da0,0x0000000086f80000)
 Metaspace       used 20677K, capacity 21172K, committed 21296K, reserved 1069056K
  class space    used 2454K, capacity 2590K, committed 2608K, reserved 1048576K
Event: 5.193 GC heap after
Heap after GC invocations=6 (full 1):
 PSYoungGen      total 138240K, used 0K [0x00000000d5e00000, 0x00000000e7900000, 0x0000000100000000)
  eden space 133120K, 0% used [0x00000000d5e00000,0x00000000d5e00000,0x00000000de000000)
  from space 5120K, 0% used [0x00000000de000000,0x00000000de000000,0x00000000de500000)
  to   space 11776K, 0% used [0x00000000e6d80000,0x00000000e6d80000,0x00000000e7900000)
 ParOldGen       total 72704K, used 12797K [0x0000000081a00000, 0x0000000086100000, 0x00000000d5e00000)
  object space 72704K, 17% used [0x0000000081a00000,0x000000008267f7a8,0x0000000086100000)
 Metaspace       used 20677K, capacity 21172K, committed 21296K, reserved 1069056K
  class space    used 2454K, capacity 2590K, committed 2608K, reserved 1048576K
}
Event: 6.567 GC heap before
{Heap before GC invocations=7 (full 1):
 PSYoungGen      total 138240K, used 133120K [0x00000000d5e00000, 0x00000000e7900000, 0x0000000100000000)
  eden space 133120K, 100% used [0x00000000d5e00000,0x00000000de000000,0x00000000de000000)
  from space 5120K, 0% used [0x00000000de000000,0x00000000de000000,0x00000000de500000)
  to   space 11776K, 0% used [0x00000000e6d80000,0x00000000e6d80000,0x00000000e7900000)
 ParOldGen       total 72704K, used 12797K [0x0000000081a00000, 0x0000000086100000, 0x00000000d5e00000)
  object space 72704K, 17% used [0x0000000081a00000,0x000000008267f7a8,0x0000000086100000)
 Metaspace       used 23583K, capacity 24088K, committed 24240K, reserved 1071104K
  class space    used 2763K, capacity 2901K, committed 2992K, reserved 1048576K
Event: 6.586 GC heap after
Heap after GC invocations=7 (full 1):
 PSYoungGen      total 198656K, used 11756K [0x00000000d5e00000, 0x00000000e7900000, 0x0000000100000000)
  eden space 186880K, 0% used [0x00000000d5e00000,0x00000000d5e00000,0x00000000e1480000)
  from space 11776K, 99% used [0x00000000e6d80000,0x00000000e78fb170,0x00000000e7900000)
  to   space 16384K, 0% used [0x00000000e5900000,0x00000000e5900000,0x00000000e6900000)
 ParOldGen       total 72704K, used 18145K [0x0000000081a00000, 0x0000000086100000, 0x00000000d5e00000)
  object space 72704K, 24% used [0x0000000081a00000,0x0000000082bb8520,0x0000000086100000)
 Metaspace       used 23583K, capacity 24088K, committed 24240K, reserved 1071104K
  class space    used 2763K, capacity 2901K, committed 2992K, reserved 1048576K
}
Event: 7.717 GC heap before
{Heap before GC invocations=8 (full 1):
 PSYoungGen      total 198656K, used 198636K [0x00000000d5e00000, 0x00000000e7900000, 0x0000000100000000)
  eden space 186880K, 100% used [0x00000000d5e00000,0x00000000e1480000,0x00000000e1480000)
  from space 11776K, 99% used [0x00000000e6d80000,0x00000000e78fb170,0x00000000e7900000)
  to   space 16384K, 0% used [0x00000000e5900000,0x00000000e5900000,0x00000000e6900000)
 ParOldGen       total 72704K, used 18145K [0x0000000081a00000, 0x0000000086100000, 0x00000000d5e00000)
  object space 72704K, 24% used [0x0000000081a00000,0x0000000082bb8520,0x0000000086100000)
 Metaspace       used 23615K, capacity 24162K, committed 24496K, reserved 1071104K
  class space    used 2767K, capacity 2903K, committed 2992K, reserved 1048576K
Event: 7.756 GC heap after
Heap after GC invocations=8 (full 1):
 PSYoungGen      total 273408K, used 16372K [0x00000000d5e00000, 0x00000000e9b80000, 0x0000000100000000)
  eden space 257024K, 0% used [0x00000000d5e00000,0x00000000d5e00000,0x00000000e5900000)
  from space 16384K, 99% used [0x00000000e5900000,0x00000000e68fd298,0x00000000e6900000)
  to   space 25088K, 0% used [0x00000000e8300000,0x00000000e8300000,0x00000000e9b80000)
 ParOldGen       total 72704K, used 30794K [0x0000000081a00000, 0x0000000086100000, 0x00000000d5e00000)
  object space 72704K, 42% used [0x0000000081a00000,0x00000000838129a8,0x0000000086100000)
 Metaspace       used 23615K, capacity 24162K, committed 24496K, reserved 1071104K
  class space    used 2767K, capacity 2903K, committed 2992K, reserved 1048576K
}

